<?xml version="1.0" encoding="UTF-8"?>
<!-- Generated by org.testng.reporters.JUnitXMLReporter -->
<testsuite ignored="0" hostname="LIN51014933" failures="0" tests="6" name="Default test" time="3.962" errors="0" timestamp="2022-08-05T11:09:28 IST">
  <testcase classname="Rest" name="DELETE" time="1.211"/>
  <testcase classname="Rest" name="GET" time="0.492"/>
  <testcase classname="Rest" name="GET1" time="0.422"/>
  <testcase classname="Rest" name="PATCH" time="0.751"/>
  <testcase classname="Rest" name="POST" time="0.155"/>
  <testcase classname="Rest" name="PUT" time="0.488"/>
</testsuite> <!-- Default test -->
