<?xml version="1.0" encoding="UTF-8"?>
<testng-results ignored="0" total="6" passed="6" failed="0" skipped="0">
  <reporter-output>
  </reporter-output>
  <suite started-at="2022-08-05T11:09:24 IST" name="Default suite" finished-at="2022-08-05T11:09:28 IST" duration-ms="3962">
    <groups>
    </groups>
    <test started-at="2022-08-05T11:09:24 IST" name="Default test" finished-at="2022-08-05T11:09:28 IST" duration-ms="3962">
      <class name="Rest">
        <test-method is-config="true" signature="setHeader()[pri:0, instance:Rest@130d63be]" started-at="2022-08-05T11:09:24 IST" name="setHeader" finished-at="2022-08-05T11:09:24 IST" duration-ms="6" status="PASS">
          <reporter-output>
          </reporter-output>
        </test-method> <!-- setHeader -->
        <test-method signature="DELETE()[pri:0, instance:Rest@130d63be]" started-at="2022-08-05T11:09:24 IST" name="DELETE" finished-at="2022-08-05T11:09:25 IST" duration-ms="1211" status="PASS">
          <reporter-output>
          </reporter-output>
        </test-method> <!-- DELETE -->
        <test-method signature="GET()[pri:0, instance:Rest@130d63be]" started-at="2022-08-05T11:09:25 IST" name="GET" finished-at="2022-08-05T11:09:25 IST" duration-ms="492" status="PASS">
          <reporter-output>
          </reporter-output>
        </test-method> <!-- GET -->
        <test-method signature="GET1()[pri:0, instance:Rest@130d63be]" started-at="2022-08-05T11:09:25 IST" name="GET1" finished-at="2022-08-05T11:09:26 IST" duration-ms="422" status="PASS">
          <reporter-output>
          </reporter-output>
        </test-method> <!-- GET1 -->
        <test-method signature="PATCH()[pri:0, instance:Rest@130d63be]" started-at="2022-08-05T11:09:26 IST" name="PATCH" finished-at="2022-08-05T11:09:27 IST" duration-ms="751" status="PASS">
          <reporter-output>
          </reporter-output>
        </test-method> <!-- PATCH -->
        <test-method signature="POST()[pri:0, instance:Rest@130d63be]" started-at="2022-08-05T11:09:27 IST" name="POST" finished-at="2022-08-05T11:09:27 IST" duration-ms="155" status="PASS">
          <reporter-output>
          </reporter-output>
        </test-method> <!-- POST -->
        <test-method signature="PUT()[pri:0, instance:Rest@130d63be]" started-at="2022-08-05T11:09:27 IST" name="PUT" finished-at="2022-08-05T11:09:27 IST" duration-ms="488" status="PASS">
          <reporter-output>
          </reporter-output>
        </test-method> <!-- PUT -->
        <test-method is-config="true" signature="writeData()[pri:0, instance:Rest@130d63be]" started-at="2022-08-05T11:09:27 IST" name="writeData" finished-at="2022-08-05T11:09:28 IST" duration-ms="402" status="PASS">
          <reporter-output>
          </reporter-output>
        </test-method> <!-- writeData -->
      </class> <!-- Rest -->
    </test> <!-- Default test -->
  </suite> <!-- Default suite -->
</testng-results>
